{"C:\\Users\\luizg\\Documents\\webservices_node\\src\\config.ts": {"path":"C:\\Users\\luizg\\Documents\\webservices_node\\src\\config.ts","statementMap":{"0":{"start":{"line":1,"column":0},"end":{"line":1,"column":28}},"1":{"start":{"line":3,"column":24},"end":{"line":8,"column":1}},"2":{"start":{"line":4,"column":4},"end":{"line":4,"column":20}},"3":{"start":{"line":5,"column":17},"end":{"line":5,"column":46}},"4":{"start":{"line":6,"column":20},"end":{"line":6,"column":34}},"5":{"start":{"line":7,"column":4},"end":{"line":7,"column":37}},"6":{"start":{"line":3,"column":13},"end":{"line":3,"column":24}},"7":{"start":{"line":10,"column":0},"end":{"line":10,"column":11}}},"fnMap":{"0":{"name":"(anonymous_1)","decl":{"start":{"line":3,"column":24},"end":{"line":3,"column":27}},"loc":{"start":{"line":3,"column":29},"end":{"line":8,"column":1}}}},"branchMap":{"0":{"loc":{"start":{"line":5,"column":17},"end":{"line":5,"column":46}},"type":"binary-expr","locations":[{"start":{"line":5,"column":17},"end":{"line":5,"column":37}},{"start":{"line":5,"column":41},"end":{"line":5,"column":46}}]}},"s":{"0":0,"1":0,"2":0,"3":0,"4":0,"5":0,"6":0,"7":0},"f":{"0":0},"b":{"0":[0,0]}}
,"C:\\Users\\luizg\\Documents\\webservices_node\\src\\main.ts": {"path":"C:\\Users\\luizg\\Documents\\webservices_node\\src\\main.ts","statementMap":{"0":{"start":{"line":2,"column":0},"end":{"line":2,"column":39}},"1":{"start":{"line":3,"column":0},"end":{"line":3,"column":30}},"2":{"start":{"line":6,"column":27},"end":{"line":14,"column":null}},"3":{"start":{"line":6,"column":38},"end":{"line":14,"column":null}},"4":{"start":{"line":7,"column":4},"end":{"line":7,"column":15}},"5":{"start":{"line":9,"column":19},"end":{"line":9,"column":31}},"6":{"start":{"line":11,"column":4},"end":{"line":11,"column":19}},"7":{"start":{"line":13,"column":4},"end":{"line":13,"column":18}},"8":{"start":{"line":6,"column":13},"end":{"line":6,"column":27}},"9":{"start":{"line":17,"column":0},"end":{"line":17,"column":14}}},"fnMap":{"0":{"name":"(anonymous_8)","decl":{"start":{"line":6,"column":27},"end":{"line":6,"column":36}},"loc":{"start":{"line":6,"column":38},"end":{"line":14,"column":null}}},"1":{"name":"(anonymous_9)","decl":{"start":{"line":6,"column":38},"end":{"line":6,"column":null}},"loc":{"start":{"line":6,"column":38},"end":{"line":14,"column":1}}}},"branchMap":{},"s":{"0":0,"1":0,"2":0,"3":0,"4":0,"5":0,"6":0,"7":0,"8":0,"9":0},"f":{"0":0,"1":0},"b":{}}
,"C:\\Users\\luizg\\Documents\\webservices_node\\src\\server.ts": {"path":"C:\\Users\\luizg\\Documents\\webservices_node\\src\\server.ts","statementMap":{"0":{"start":{"line":1,"column":0},"end":{"line":1,"column":47}},"1":{"start":{"line":2,"column":0},"end":{"line":2,"column":53}},"2":{"start":{"line":3,"column":0},"end":{"line":3,"column":52}},"3":{"start":{"line":4,"column":0},"end":{"line":4,"column":42}},"4":{"start":{"line":8,"column":4},"end":{"line":8,"column":19}},"5":{"start":{"line":7,"column":21},"end":{"line":7,"column":39}},"6":{"start":{"line":6,"column":0},"end":{"line":6,"column":13}},"7":{"start":{"line":17,"column":4},"end":{"line":17,"column":25}},"8":{"start":{"line":18,"column":4},"end":{"line":18,"column":53}},"9":{"start":{"line":22,"column":4},"end":{"line":22,"column":33}},"10":{"start":{"line":23,"column":4},"end":{"line":23,"column":33}},"11":{"start":{"line":27,"column":19},"end":{"line":27,"column":48}},"12":{"start":{"line":29,"column":4},"end":{"line":29,"column":41}},"13":{"start":{"line":33,"column":4},"end":{"line":33,"column":28}},"14":{"start":{"line":34,"column":4},"end":{"line":34,"column":29}},"15":{"start":{"line":35,"column":4},"end":{"line":35,"column":32}},"16":{"start":{"line":36,"column":4},"end":{"line":38,"column":7}},"17":{"start":{"line":37,"column":6},"end":{"line":37,"column":92}},"18":{"start":{"line":42,"column":0},"end":{"line":42,"column":22}}},"fnMap":{"0":{"name":"(anonymous_8)","decl":{"start":{"line":7,"column":2},"end":{"line":7,"column":21}},"loc":{"start":{"line":7,"column":56},"end":{"line":9,"column":3}}},"1":{"name":"(anonymous_9)","decl":{"start":{"line":16,"column":2},"end":{"line":16,"column":null}},"loc":{"start":{"line":16,"column":2},"end":{"line":19,"column":3}}},"2":{"name":"(anonymous_10)","decl":{"start":{"line":21,"column":10},"end":{"line":21,"column":26}},"loc":{"start":{"line":21,"column":26},"end":{"line":24,"column":3}}},"3":{"name":"(anonymous_11)","decl":{"start":{"line":26,"column":16},"end":{"line":26,"column":27}},"loc":{"start":{"line":26,"column":27},"end":{"line":30,"column":null}}},"4":{"name":"(anonymous_13)","decl":{"start":{"line":32,"column":15},"end":{"line":32,"column":20}},"loc":{"start":{"line":32,"column":20},"end":{"line":39,"column":null}}},"5":{"name":"(anonymous_15)","decl":{"start":{"line":36,"column":31},"end":{"line":36,"column":34}},"loc":{"start":{"line":36,"column":36},"end":{"line":38,"column":5}}}},"branchMap":{},"s":{"0":0,"1":0,"2":0,"3":0,"4":0,"5":0,"6":0,"7":0,"8":0,"9":0,"10":0,"11":0,"12":0,"13":0,"14":0,"15":0,"16":0,"17":0,"18":0},"f":{"0":0,"1":0,"2":0,"3":0,"4":0,"5":0},"b":{}}
,"C:\\Users\\luizg\\Documents\\webservices_node\\src\\models\\slClass.ts": {"path":"C:\\Users\\luizg\\Documents\\webservices_node\\src\\models\\slClass.ts","statementMap":{"0":{"start":{"line":1,"column":0},"end":{"line":1,"column":50}},"1":{"start":{"line":2,"column":0},"end":{"line":2,"column":26}},"2":{"start":{"line":3,"column":0},"end":{"line":3,"column":50}},"3":{"start":{"line":4,"column":0},"end":{"line":4,"column":35}},"4":{"start":{"line":5,"column":14},"end":{"line":7,"column":2}},"5":{"start":{"line":43,"column":8},"end":{"line":57,"column":10}},"6":{"start":{"line":58,"column":8},"end":{"line":58,"column":53}},"7":{"start":{"line":59,"column":8},"end":{"line":59,"column":54}},"8":{"start":{"line":61,"column":8},"end":{"line":64,"column":10}},"9":{"start":{"line":66,"column":8},"end":{"line":70,"column":10}},"10":{"start":{"line":72,"column":8},"end":{"line":79,"column":10}},"11":{"start":{"line":83,"column":25},"end":{"line":83,"column":57}},"12":{"start":{"line":84,"column":8},"end":{"line":84,"column":49}},"13":{"start":{"line":85,"column":8},"end":{"line":85,"column":87}},"14":{"start":{"line":86,"column":8},"end":{"line":86,"column":29}},"15":{"start":{"line":89,"column":14},"end":{"line":112,"column":null}},"16":{"start":{"line":91,"column":8},"end":{"line":111,"column":9}},"17":{"start":{"line":92,"column":24},"end":{"line":92,"column":45}},"18":{"start":{"line":93,"column":18},"end":{"line":93,"column":60}},"19":{"start":{"line":95,"column":8},"end":{"line":97,"column":9}},"20":{"start":{"line":96,"column":12},"end":{"line":96,"column":89}},"21":{"start":{"line":99,"column":8},"end":{"line":101,"column":9}},"22":{"start":{"line":100,"column":12},"end":{"line":100,"column":74}},"23":{"start":{"line":103,"column":8},"end":{"line":103,"column":29}},"24":{"start":{"line":104,"column":8},"end":{"line":104,"column":34}},"25":{"start":{"line":106,"column":25},"end":{"line":106,"column":56}},"26":{"start":{"line":107,"column":8},"end":{"line":107,"column":37}},"27":{"start":{"line":109,"column":33},"end":{"line":109,"column":91}},"28":{"start":{"line":110,"column":12},"end":{"line":110,"column":78}},"29":{"start":{"line":115,"column":21},"end":{"line":118,"column":null}},"30":{"start":{"line":120,"column":25},"end":{"line":120,"column":101}},"31":{"start":{"line":121,"column":8},"end":{"line":121,"column":29}},"32":{"start":{"line":125,"column":30},"end":{"line":125,"column":69}},"33":{"start":{"line":126,"column":40},"end":{"line":126,"column":129}},"34":{"start":{"line":128,"column":20},"end":{"line":128,"column":159}},"35":{"start":{"line":130,"column":23},"end":{"line":133,"column":null}},"36":{"start":{"line":134,"column":25},"end":{"line":134,"column":53}},"37":{"start":{"line":136,"column":8},"end":{"line":138,"column":9}},"38":{"start":{"line":137,"column":12},"end":{"line":137,"column":90}},"39":{"start":{"line":139,"column":8},"end":{"line":139,"column":24}},"40":{"start":{"line":143,"column":8},"end":{"line":171,"column":9}},"41":{"start":{"line":144,"column":28},"end":{"line":144,"column":49}},"42":{"start":{"line":145,"column":12},"end":{"line":145,"column":72}},"43":{"start":{"line":147,"column":12},"end":{"line":151,"column":13}},"44":{"start":{"line":148,"column":16},"end":{"line":148,"column":55}},"45":{"start":{"line":150,"column":16},"end":{"line":150,"column":39}},"46":{"start":{"line":153,"column":12},"end":{"line":155,"column":13}},"47":{"start":{"line":154,"column":16},"end":{"line":154,"column":83}},"48":{"start":{"line":157,"column":12},"end":{"line":157,"column":40}},"49":{"start":{"line":159,"column":29},"end":{"line":159,"column":60}},"50":{"start":{"line":160,"column":12},"end":{"line":160,"column":57}},"51":{"start":{"line":163,"column":33},"end":{"line":163,"column":87}},"52":{"start":{"line":164,"column":41},"end":{"line":164,"column":53}},"53":{"start":{"line":165,"column":12},"end":{"line":169,"column":13}},"54":{"start":{"line":166,"column":16},"end":{"line":166,"column":88}},"55":{"start":{"line":168,"column":16},"end":{"line":168,"column":91}},"56":{"start":{"line":170,"column":12},"end":{"line":170,"column":97}},"57":{"start":{"line":175,"column":8},"end":{"line":192,"column":9}},"58":{"start":{"line":177,"column":24},"end":{"line":177,"column":45}},"59":{"start":{"line":178,"column":8},"end":{"line":178,"column":68}},"60":{"start":{"line":179,"column":8},"end":{"line":179,"column":35}},"61":{"start":{"line":181,"column":8},"end":{"line":185,"column":9}},"62":{"start":{"line":182,"column":12},"end":{"line":182,"column":51}},"63":{"start":{"line":184,"column":12},"end":{"line":184,"column":35}},"64":{"start":{"line":187,"column":25},"end":{"line":187,"column":56}},"65":{"start":{"line":188,"column":12},"end":{"line":188,"column":57}},"66":{"start":{"line":190,"column":33},"end":{"line":190,"column":87}},"67":{"start":{"line":191,"column":12},"end":{"line":191,"column":87}},"68":{"start":{"line":197,"column":25},"end":{"line":199,"column":10}},"69":{"start":{"line":200,"column":21},"end":{"line":200,"column":46}},"70":{"start":{"line":201,"column":8},"end":{"line":201,"column":25}},"71":{"start":{"line":31,"column":0},"end":{"line":31,"column":21}}},"fnMap":{"0":{"name":"(anonymous_8)","decl":{"start":{"line":42,"column":4},"end":{"line":42,"column":null}},"loc":{"start":{"line":42,"column":4},"end":{"line":80,"column":5}}},"1":{"name":"(anonymous_9)","decl":{"start":{"line":82,"column":10},"end":{"line":82,"column":15}},"loc":{"start":{"line":82,"column":15},"end":{"line":87,"column":null}}},"2":{"name":"(anonymous_11)","decl":{"start":{"line":89,"column":10},"end":{"line":89,"column":13}},"loc":{"start":{"line":89,"column":13},"end":{"line":112,"column":null}}},"3":{"name":"(anonymous_12)","decl":{"start":{"line":89,"column":14},"end":{"line":89,"column":26}},"loc":{"start":{"line":89,"column":82},"end":{"line":112,"column":5}}},"4":{"name":"(anonymous_13)","decl":{"start":{"line":114,"column":10},"end":{"line":114,"column":16}},"loc":{"start":{"line":114,"column":16},"end":{"line":122,"column":null}}},"5":{"name":"(anonymous_15)","decl":{"start":{"line":124,"column":10},"end":{"line":124,"column":18}},"loc":{"start":{"line":124,"column":32},"end":{"line":140,"column":null}}},"6":{"name":"(anonymous_17)","decl":{"start":{"line":142,"column":10},"end":{"line":142,"column":15}},"loc":{"start":{"line":142,"column":61},"end":{"line":172,"column":null}}},"7":{"name":"(anonymous_19)","decl":{"start":{"line":174,"column":10},"end":{"line":174,"column":14}},"loc":{"start":{"line":174,"column":39},"end":{"line":193,"column":null}}},"8":{"name":"(anonymous_21)","decl":{"start":{"line":196,"column":10},"end":{"line":196,"column":31}},"loc":{"start":{"line":196,"column":52},"end":{"line":202,"column":null}}}},"branchMap":{"0":{"loc":{"start":{"line":89,"column":57},"end":{"line":89,"column":65}},"type":"default-arg","locations":[{"start":{"line":89,"column":64},"end":{"line":89,"column":65}}]},"1":{"loc":{"start":{"line":95,"column":8},"end":{"line":97,"column":9}},"type":"if","locations":[{"start":{"line":95,"column":8},"end":{"line":97,"column":9}}]},"2":{"loc":{"start":{"line":96,"column":19},"end":{"line":96,"column":88}},"type":"cond-expr","locations":[{"start":{"line":96,"column":51},"end":{"line":96,"column":67}},{"start":{"line":96,"column":70},"end":{"line":96,"column":88}}]},"3":{"loc":{"start":{"line":99,"column":8},"end":{"line":101,"column":9}},"type":"if","locations":[{"start":{"line":99,"column":8},"end":{"line":101,"column":9}}]},"4":{"loc":{"start":{"line":109,"column":33},"end":{"line":109,"column":91}},"type":"binary-expr","locations":[{"start":{"line":109,"column":33},"end":{"line":109,"column":74}},{"start":{"line":109,"column":78},"end":{"line":109,"column":91}}]},"5":{"loc":{"start":{"line":109,"column":33},"end":{"line":109,"column":74}},"type":"cond-expr","locations":[{"start":{"line":109,"column":67},"end":{"line":109,"column":69}},{"start":{"line":109,"column":67},"end":{"line":109,"column":74}}]},"6":{"loc":{"start":{"line":109,"column":33},"end":{"line":109,"column":69}},"type":"binary-expr","locations":[{"start":{"line":109,"column":33},"end":{"line":109,"column":69}},{"start":{"line":109,"column":67},"end":{"line":109,"column":69}}]},"7":{"loc":{"start":{"line":109,"column":33},"end":{"line":109,"column":67}},"type":"cond-expr","locations":[{"start":{"line":109,"column":58},"end":{"line":109,"column":60}},{"start":{"line":109,"column":58},"end":{"line":109,"column":67}}]},"8":{"loc":{"start":{"line":109,"column":33},"end":{"line":109,"column":60}},"type":"binary-expr","locations":[{"start":{"line":109,"column":33},"end":{"line":109,"column":60}},{"start":{"line":109,"column":58},"end":{"line":109,"column":60}}]},"9":{"loc":{"start":{"line":136,"column":8},"end":{"line":138,"column":9}},"type":"if","locations":[{"start":{"line":136,"column":8},"end":{"line":138,"column":9}}]},"10":{"loc":{"start":{"line":147,"column":12},"end":{"line":151,"column":13}},"type":"if","locations":[{"start":{"line":147,"column":12},"end":{"line":151,"column":13}},{"start":{"line":149,"column":19},"end":{"line":151,"column":13}}]},"11":{"loc":{"start":{"line":153,"column":12},"end":{"line":155,"column":13}},"type":"if","locations":[{"start":{"line":153,"column":12},"end":{"line":155,"column":13}}]},"12":{"loc":{"start":{"line":154,"column":34},"end":{"line":154,"column":82}},"type":"cond-expr","locations":[{"start":{"line":154,"column":59},"end":{"line":154,"column":68}},{"start":{"line":154,"column":71},"end":{"line":154,"column":82}}]},"13":{"loc":{"start":{"line":163,"column":33},"end":{"line":163,"column":87}},"type":"binary-expr","locations":[{"start":{"line":163,"column":33},"end":{"line":163,"column":72}},{"start":{"line":163,"column":76},"end":{"line":163,"column":87}}]},"14":{"loc":{"start":{"line":163,"column":33},"end":{"line":163,"column":72}},"type":"cond-expr","locations":[{"start":{"line":163,"column":65},"end":{"line":163,"column":67}},{"start":{"line":163,"column":65},"end":{"line":163,"column":72}}]},"15":{"loc":{"start":{"line":163,"column":33},"end":{"line":163,"column":67}},"type":"binary-expr","locations":[{"start":{"line":163,"column":33},"end":{"line":163,"column":67}},{"start":{"line":163,"column":65},"end":{"line":163,"column":67}}]},"16":{"loc":{"start":{"line":163,"column":33},"end":{"line":163,"column":65}},"type":"cond-expr","locations":[{"start":{"line":163,"column":56},"end":{"line":163,"column":58}},{"start":{"line":163,"column":56},"end":{"line":163,"column":65}}]},"17":{"loc":{"start":{"line":163,"column":33},"end":{"line":163,"column":58}},"type":"binary-expr","locations":[{"start":{"line":163,"column":33},"end":{"line":163,"column":58}},{"start":{"line":163,"column":56},"end":{"line":163,"column":58}}]},"18":{"loc":{"start":{"line":181,"column":8},"end":{"line":185,"column":9}},"type":"if","locations":[{"start":{"line":181,"column":8},"end":{"line":185,"column":9}},{"start":{"line":183,"column":15},"end":{"line":185,"column":9}}]},"19":{"loc":{"start":{"line":190,"column":33},"end":{"line":190,"column":87}},"type":"binary-expr","locations":[{"start":{"line":190,"column":33},"end":{"line":190,"column":72}},{"start":{"line":190,"column":76},"end":{"line":190,"column":87}}]},"20":{"loc":{"start":{"line":190,"column":33},"end":{"line":190,"column":72}},"type":"cond-expr","locations":[{"start":{"line":190,"column":65},"end":{"line":190,"column":67}},{"start":{"line":190,"column":65},"end":{"line":190,"column":72}}]},"21":{"loc":{"start":{"line":190,"column":33},"end":{"line":190,"column":67}},"type":"binary-expr","locations":[{"start":{"line":190,"column":33},"end":{"line":190,"column":67}},{"start":{"line":190,"column":65},"end":{"line":190,"column":67}}]},"22":{"loc":{"start":{"line":190,"column":33},"end":{"line":190,"column":65}},"type":"cond-expr","locations":[{"start":{"line":190,"column":56},"end":{"line":190,"column":58}},{"start":{"line":190,"column":56},"end":{"line":190,"column":65}}]},"23":{"loc":{"start":{"line":190,"column":33},"end":{"line":190,"column":58}},"type":"binary-expr","locations":[{"start":{"line":190,"column":33},"end":{"line":190,"column":58}},{"start":{"line":190,"column":56},"end":{"line":190,"column":58}}]}},"s":{"0":0,"1":0,"2":0,"3":0,"4":0,"5":0,"6":0,"7":0,"8":0,"9":0,"10":0,"11":0,"12":0,"13":0,"14":0,"15":0,"16":0,"17":0,"18":0,"19":0,"20":0,"21":0,"22":0,"23":0,"24":0,"25":0,"26":0,"27":0,"28":0,"29":0,"30":0,"31":0,"32":0,"33":0,"34":0,"35":0,"36":0,"37":0,"38":0,"39":0,"40":0,"41":0,"42":0,"43":0,"44":0,"45":0,"46":0,"47":0,"48":0,"49":0,"50":0,"51":0,"52":0,"53":0,"54":0,"55":0,"56":0,"57":0,"58":0,"59":0,"60":0,"61":0,"62":0,"63":0,"64":0,"65":0,"66":0,"67":0,"68":0,"69":0,"70":0,"71":0},"f":{"0":0,"1":0,"2":0,"3":0,"4":0,"5":0,"6":0,"7":0,"8":0},"b":{"0":[0],"1":[0],"2":[0,0],"3":[0],"4":[0,0],"5":[0,0],"6":[0,0],"7":[0,0],"8":[0,0],"9":[0],"10":[0,0],"11":[0],"12":[0,0],"13":[0,0],"14":[0,0],"15":[0,0],"16":[0,0],"17":[0,0],"18":[0,0],"19":[0,0],"20":[0,0],"21":[0,0],"22":[0,0],"23":[0,0]}}
,"C:\\Users\\luizg\\Documents\\webservices_node\\src\\practice\\password_checker.ts": {"path":"C:\\Users\\luizg\\Documents\\webservices_node\\src\\practice\\password_checker.ts","statementMap":{"0":{"start":{"line":3,"column":8},"end":{"line":3,"column":20}},"1":{"start":{"line":1,"column":0},"end":{"line":1,"column":13}}},"fnMap":{"0":{"name":"(anonymous_0)","decl":{"start":{"line":2,"column":11},"end":{"line":2,"column":17}},"loc":{"start":{"line":2,"column":35},"end":{"line":4,"column":5}}}},"branchMap":{},"s":{"0":1,"1":1},"f":{"0":1},"b":{}}
,"C:\\Users\\luizg\\Documents\\webservices_node\\src\\utils\\errorHandler.ts": {"path":"C:\\Users\\luizg\\Documents\\webservices_node\\src\\utils\\errorHandler.ts","statementMap":{"0":{"start":{"line":5,"column":6},"end":{"line":5,"column":21}},"1":{"start":{"line":4,"column":23},"end":{"line":4,"column":41}},"2":{"start":{"line":3,"column":0},"end":{"line":3,"column":13}},"3":{"start":{"line":11,"column":6},"end":{"line":11,"column":33}},"4":{"start":{"line":10,"column":23},"end":{"line":10,"column":41}},"5":{"start":{"line":10,"column":67},"end":{"line":10,"column":81}},"6":{"start":{"line":9,"column":2},"end":{"line":9,"column":15}},"7":{"start":{"line":14,"column":29},"end":{"line":25,"column":1}},"8":{"start":{"line":15,"column":4},"end":{"line":15,"column":31}},"9":{"start":{"line":16,"column":24},"end":{"line":16,"column":59}},"10":{"start":{"line":17,"column":20},"end":{"line":17,"column":65}},"11":{"start":{"line":19,"column":4},"end":{"line":24,"column":5}},"12":{"start":{"line":20,"column":6},"end":{"line":20,"column":31}},"13":{"start":{"line":21,"column":6},"end":{"line":21,"column":83}},"14":{"start":{"line":23,"column":8},"end":{"line":23,"column":63}},"15":{"start":{"line":14,"column":13},"end":{"line":14,"column":29}}},"fnMap":{"0":{"name":"(anonymous_0)","decl":{"start":{"line":4,"column":4},"end":{"line":4,"column":23}},"loc":{"start":{"line":4,"column":58},"end":{"line":6,"column":5}}},"1":{"name":"(anonymous_1)","decl":{"start":{"line":10,"column":4},"end":{"line":10,"column":23}},"loc":{"start":{"line":10,"column":81},"end":{"line":12,"column":5}}},"2":{"name":"(anonymous_2)","decl":{"start":{"line":14,"column":29},"end":{"line":14,"column":30}},"loc":{"start":{"line":14,"column":138},"end":{"line":25,"column":1}}}},"branchMap":{"0":{"loc":{"start":{"line":16,"column":24},"end":{"line":16,"column":59}},"type":"binary-expr","locations":[{"start":{"line":16,"column":24},"end":{"line":16,"column":52}},{"start":{"line":16,"column":56},"end":{"line":16,"column":59}}]},"1":{"loc":{"start":{"line":17,"column":20},"end":{"line":17,"column":65}},"type":"binary-expr","locations":[{"start":{"line":17,"column":20},"end":{"line":17,"column":31}},{"start":{"line":17,"column":35},"end":{"line":17,"column":65}}]},"2":{"loc":{"start":{"line":19,"column":4},"end":{"line":24,"column":5}},"type":"if","locations":[{"start":{"line":19,"column":4},"end":{"line":24,"column":5}},{"start":{"line":22,"column":11},"end":{"line":24,"column":5}}]}},"s":{"0":2,"1":2,"2":1,"3":1,"4":1,"5":1,"6":1,"7":1,"8":3,"9":3,"10":3,"11":3,"12":1,"13":1,"14":2,"15":1},"f":{"0":2,"1":1,"2":3},"b":{"0":[3,1],"1":[3,0],"2":[1,2]}}
,"C:\\Users\\luizg\\Documents\\webservices_node\\src\\utils\\helperFunctions.ts": {"path":"C:\\Users\\luizg\\Documents\\webservices_node\\src\\utils\\helperFunctions.ts","statementMap":{"0":{"start":{"line":60,"column":2},"end":{"line":60,"column":18}},"1":{"start":{"line":1,"column":27},"end":{"line":7,"column":1}},"2":{"start":{"line":2,"column":2},"end":{"line":2,"column":null}},"3":{"start":{"line":3,"column":2},"end":{"line":5,"column":3}},"4":{"start":{"line":4,"column":4},"end":{"line":4,"column":17}},"5":{"start":{"line":6,"column":2},"end":{"line":6,"column":42}},"6":{"start":{"line":1,"column":13},"end":{"line":1,"column":27}},"7":{"start":{"line":9,"column":25},"end":{"line":57,"column":3}},"8":{"start":{"line":10,"column":15},"end":{"line":10,"column":16}},"9":{"start":{"line":13,"column":17},"end":{"line":13,"column":50}},"10":{"start":{"line":15,"column":4},"end":{"line":16,"column":null}},"11":{"start":{"line":16,"column":7},"end":{"line":16,"column":null}},"12":{"start":{"line":18,"column":4},"end":{"line":30,"column":null}},"13":{"start":{"line":30,"column":6},"end":{"line":30,"column":null}},"14":{"start":{"line":32,"column":4},"end":{"line":33,"column":66}},"15":{"start":{"line":32,"column":17},"end":{"line":32,"column":18}},"16":{"start":{"line":33,"column":6},"end":{"line":33,"column":66}},"17":{"start":{"line":35,"column":4},"end":{"line":35,"column":null}},"18":{"start":{"line":37,"column":4},"end":{"line":38,"column":null}},"19":{"start":{"line":38,"column":6},"end":{"line":38,"column":null}},"20":{"start":{"line":40,"column":4},"end":{"line":41,"column":null}},"21":{"start":{"line":41,"column":6},"end":{"line":41,"column":null}},"22":{"start":{"line":43,"column":4},"end":{"line":43,"column":null}},"23":{"start":{"line":45,"column":4},"end":{"line":46,"column":null}},"24":{"start":{"line":45,"column":17},"end":{"line":45,"column":18}},"25":{"start":{"line":46,"column":6},"end":{"line":46,"column":null}},"26":{"start":{"line":48,"column":4},"end":{"line":48,"column":null}},"27":{"start":{"line":50,"column":4},"end":{"line":51,"column":null}},"28":{"start":{"line":51,"column":6},"end":{"line":51,"column":null}},"29":{"start":{"line":53,"column":4},"end":{"line":54,"column":null}},"30":{"start":{"line":54,"column":6},"end":{"line":54,"column":null}},"31":{"start":{"line":56,"column":4},"end":{"line":56,"column":null}},"32":{"start":{"line":9,"column":13},"end":{"line":9,"column":25}},"33":{"start":{"line":61,"column":22},"end":{"line":61,"column":56}},"34":{"start":{"line":63,"column":4},"end":{"line":63,"column":null}},"35":{"start":{"line":63,"column":16},"end":{"line":63,"column":null}},"36":{"start":{"line":66,"column":21},"end":{"line":66,"column":46}},"37":{"start":{"line":67,"column":23},"end":{"line":67,"column":82}},"38":{"start":{"line":70,"column":4},"end":{"line":70,"column":null}},"39":{"start":{"line":70,"column":21},"end":{"line":70,"column":null}},"40":{"start":{"line":73,"column":4},"end":{"line":83,"column":5}},"41":{"start":{"line":75,"column":25},"end":{"line":75,"column":47}},"42":{"start":{"line":77,"column":26},"end":{"line":77,"column":47}},"43":{"start":{"line":79,"column":22},"end":{"line":79,"column":47}},"44":{"start":{"line":82,"column":6},"end":{"line":82,"column":null}},"45":{"start":{"line":82,"column":20},"end":{"line":82,"column":null}},"46":{"start":{"line":86,"column":20},"end":{"line":86,"column":39}},"47":{"start":{"line":89,"column":4},"end":{"line":89,"column":null}},"48":{"start":{"line":89,"column":31},"end":{"line":89,"column":null}},"49":{"start":{"line":92,"column":18},"end":{"line":92,"column":39}},"50":{"start":{"line":93,"column":4},"end":{"line":93,"column":null}},"51":{"start":{"line":93,"column":28},"end":{"line":93,"column":null}},"52":{"start":{"line":96,"column":19},"end":{"line":96,"column":36}},"53":{"start":{"line":99,"column":19},"end":{"line":99,"column":41}},"54":{"start":{"line":100,"column":4},"end":{"line":100,"column":null}},"55":{"start":{"line":100,"column":30},"end":{"line":100,"column":null}},"56":{"start":{"line":103,"column":19},"end":{"line":103,"column":41}},"57":{"start":{"line":104,"column":4},"end":{"line":104,"column":null}},"58":{"start":{"line":107,"column":22},"end":{"line":110,"column":3}},"59":{"start":{"line":108,"column":18},"end":{"line":108,"column":47}},"60":{"start":{"line":109,"column":4},"end":{"line":109,"column":null}},"61":{"start":{"line":112,"column":20},"end":{"line":126,"column":3}},"62":{"start":{"line":113,"column":18},"end":{"line":113,"column":37}},"63":{"start":{"line":114,"column":17},"end":{"line":114,"column":22}},"64":{"start":{"line":115,"column":14},"end":{"line":115,"column":15}},"65":{"start":{"line":117,"column":4},"end":{"line":121,"column":5}},"66":{"start":{"line":117,"column":17},"end":{"line":117,"column":18}},"67":{"start":{"line":118,"column":16},"end":{"line":118,"column":28}},"68":{"start":{"line":119,"column":6},"end":{"line":119,"column":null}},"69":{"start":{"line":120,"column":6},"end":{"line":120,"column":null}},"70":{"start":{"line":120,"column":22},"end":{"line":120,"column":null}},"71":{"start":{"line":123,"column":19},"end":{"line":123,"column":34}},"72":{"start":{"line":125,"column":4},"end":{"line":125,"column":null}},"73":{"start":{"line":128,"column":26},"end":{"line":130,"column":3}},"74":{"start":{"line":129,"column":4},"end":{"line":129,"column":63}},"75":{"start":{"line":128,"column":14},"end":{"line":128,"column":26}},"76":{"start":{"line":132,"column":29},"end":{"line":135,"column":3}},"77":{"start":{"line":133,"column":25},"end":{"line":133,"column":46}},"78":{"start":{"line":134,"column":4},"end":{"line":134,"column":52}},"79":{"start":{"line":132,"column":15},"end":{"line":132,"column":29}}},"fnMap":{"0":{"name":"(anonymous_0)","decl":{"start":{"line":1,"column":27},"end":{"line":1,"column":28}},"loc":{"start":{"line":1,"column":65},"end":{"line":7,"column":1}}},"1":{"name":"(anonymous_1)","decl":{"start":{"line":9,"column":25},"end":{"line":9,"column":26}},"loc":{"start":{"line":9,"column":69},"end":{"line":57,"column":3}}},"2":{"name":"validCNPJ","decl":{"start":{"line":60,"column":18},"end":{"line":60,"column":27}},"loc":{"start":{"line":60,"column":73},"end":{"line":105,"column":3}}},"3":{"name":"(anonymous_3)","decl":{"start":{"line":107,"column":22},"end":{"line":107,"column":23}},"loc":{"start":{"line":107,"column":65},"end":{"line":110,"column":3}}},"4":{"name":"(anonymous_4)","decl":{"start":{"line":112,"column":20},"end":{"line":112,"column":21}},"loc":{"start":{"line":112,"column":53},"end":{"line":126,"column":3}}},"5":{"name":"(anonymous_5)","decl":{"start":{"line":128,"column":26},"end":{"line":128,"column":27}},"loc":{"start":{"line":128,"column":43},"end":{"line":130,"column":3}}},"6":{"name":"(anonymous_6)","decl":{"start":{"line":132,"column":29},"end":{"line":132,"column":30}},"loc":{"start":{"line":132,"column":54},"end":{"line":135,"column":3}}}},"branchMap":{"0":{"loc":{"start":{"line":3,"column":2},"end":{"line":5,"column":3}},"type":"if","locations":[{"start":{"line":3,"column":2},"end":{"line":5,"column":3}}]},"1":{"loc":{"start":{"line":3,"column":6},"end":{"line":3,"column":76}},"type":"binary-expr","locations":[{"start":{"line":3,"column":6},"end":{"line":3,"column":32}},{"start":{"line":3,"column":36},"end":{"line":3,"column":51}},{"start":{"line":3,"column":55},"end":{"line":3,"column":76}}]},"2":{"loc":{"start":{"line":15,"column":4},"end":{"line":16,"column":null}},"type":"if","locations":[{"start":{"line":15,"column":4},"end":{"line":16,"column":null}}]},"3":{"loc":{"start":{"line":18,"column":4},"end":{"line":30,"column":null}},"type":"if","locations":[{"start":{"line":18,"column":4},"end":{"line":30,"column":null}}]},"4":{"loc":{"start":{"line":37,"column":4},"end":{"line":38,"column":null}},"type":"if","locations":[{"start":{"line":37,"column":4},"end":{"line":38,"column":null}}]},"5":{"loc":{"start":{"line":37,"column":8},"end":{"line":37,"column":38}},"type":"binary-expr","locations":[{"start":{"line":37,"column":9},"end":{"line":37,"column":20}},{"start":{"line":37,"column":26},"end":{"line":37,"column":37}}]},"6":{"loc":{"start":{"line":40,"column":4},"end":{"line":41,"column":null}},"type":"if","locations":[{"start":{"line":40,"column":4},"end":{"line":41,"column":null}}]},"7":{"loc":{"start":{"line":50,"column":4},"end":{"line":51,"column":null}},"type":"if","locations":[{"start":{"line":50,"column":4},"end":{"line":51,"column":null}}]},"8":{"loc":{"start":{"line":50,"column":8},"end":{"line":50,"column":38}},"type":"binary-expr","locations":[{"start":{"line":50,"column":9},"end":{"line":50,"column":20}},{"start":{"line":50,"column":26},"end":{"line":50,"column":37}}]},"9":{"loc":{"start":{"line":53,"column":4},"end":{"line":54,"column":null}},"type":"if","locations":[{"start":{"line":53,"column":4},"end":{"line":54,"column":null}}]},"10":{"loc":{"start":{"line":60,"column":28},"end":{"line":60,"column":73}},"type":"default-arg","locations":[{"start":{"line":60,"column":71},"end":{"line":60,"column":73}}]},"11":{"loc":{"start":{"line":63,"column":4},"end":{"line":63,"column":null}},"type":"if","locations":[{"start":{"line":63,"column":4},"end":{"line":63,"column":null}}]},"12":{"loc":{"start":{"line":67,"column":23},"end":{"line":67,"column":82}},"type":"binary-expr","locations":[{"start":{"line":67,"column":23},"end":{"line":67,"column":31}},{"start":{"line":67,"column":35},"end":{"line":67,"column":58}},{"start":{"line":67,"column":62},"end":{"line":67,"column":82}}]},"13":{"loc":{"start":{"line":70,"column":4},"end":{"line":70,"column":null}},"type":"if","locations":[{"start":{"line":70,"column":4},"end":{"line":70,"column":null}}]},"14":{"loc":{"start":{"line":73,"column":4},"end":{"line":83,"column":5}},"type":"if","locations":[{"start":{"line":73,"column":4},"end":{"line":83,"column":5}}]},"15":{"loc":{"start":{"line":79,"column":22},"end":{"line":79,"column":47}},"type":"binary-expr","locations":[{"start":{"line":79,"column":22},"end":{"line":79,"column":32}},{"start":{"line":79,"column":36},"end":{"line":79,"column":47}}]},"16":{"loc":{"start":{"line":82,"column":6},"end":{"line":82,"column":null}},"type":"if","locations":[{"start":{"line":82,"column":6},"end":{"line":82,"column":null}}]},"17":{"loc":{"start":{"line":89,"column":4},"end":{"line":89,"column":null}},"type":"if","locations":[{"start":{"line":89,"column":4},"end":{"line":89,"column":null}}]},"18":{"loc":{"start":{"line":93,"column":4},"end":{"line":93,"column":null}},"type":"if","locations":[{"start":{"line":93,"column":4},"end":{"line":93,"column":null}}]},"19":{"loc":{"start":{"line":100,"column":4},"end":{"line":100,"column":null}},"type":"if","locations":[{"start":{"line":100,"column":4},"end":{"line":100,"column":null}}]},"20":{"loc":{"start":{"line":107,"column":23},"end":{"line":107,"column":61}},"type":"default-arg","locations":[{"start":{"line":107,"column":59},"end":{"line":107,"column":61}}]},"21":{"loc":{"start":{"line":109,"column":11},"end":{"line":109,"column":56}},"type":"cond-expr","locations":[{"start":{"line":109,"column":34},"end":{"line":109,"column":51}},{"start":{"line":109,"column":54},"end":{"line":109,"column":56}}]},"22":{"loc":{"start":{"line":120,"column":6},"end":{"line":120,"column":null}},"type":"if","locations":[{"start":{"line":120,"column":6},"end":{"line":120,"column":null}}]},"23":{"loc":{"start":{"line":125,"column":11},"end":{"line":125,"column":34}},"type":"cond-expr","locations":[{"start":{"line":125,"column":24},"end":{"line":125,"column":25}},{"start":{"line":125,"column":28},"end":{"line":125,"column":34}}]},"24":{"loc":{"start":{"line":134,"column":11},"end":{"line":134,"column":51}},"type":"binary-expr","locations":[{"start":{"line":134,"column":11},"end":{"line":134,"column":33}},{"start":{"line":134,"column":37},"end":{"line":134,"column":51}}]}},"s":{"0":1,"1":1,"2":10,"3":10,"4":5,"5":5,"6":1,"7":1,"8":7,"9":7,"10":7,"11":1,"12":6,"13":0,"14":6,"15":6,"16":54,"17":6,"18":6,"19":3,"20":6,"21":0,"22":6,"23":6,"24":6,"25":60,"26":6,"27":6,"28":0,"29":6,"30":3,"31":3,"32":1,"33":12,"34":12,"35":4,"36":8,"37":8,"38":8,"39":2,"40":6,"41":3,"42":3,"43":3,"44":3,"45":0,"46":6,"47":6,"48":1,"49":5,"50":5,"51":0,"52":5,"53":5,"54":5,"55":0,"56":5,"57":5,"58":1,"59":6,"60":6,"61":1,"62":10,"63":10,"64":10,"65":10,"66":10,"67":125,"68":125,"69":125,"70":20,"71":10,"72":10,"73":1,"74":0,"75":1,"76":1,"77":0,"78":0,"79":1},"f":{"0":10,"1":7,"2":12,"3":6,"4":10,"5":0,"6":0},"b":{"0":[5],"1":[10,7,6],"2":[1],"3":[0],"4":[3],"5":[6,3],"6":[0],"7":[0],"8":[6,6],"9":[3],"10":[1],"11":[4],"12":[8,5,3],"13":[2],"14":[3],"15":[3,1],"16":[0],"17":[1],"18":[0],"19":[0],"20":[0],"21":[5,1],"22":[20],"23":[2,8],"24":[0,0]}}
}
