{"C:\\Users\\luizg\\Documents\\webservices_node\\src\\practice\\password_checker.ts": {"path":"C:\\Users\\luizg\\Documents\\webservices_node\\src\\practice\\password_checker.ts","statementMap":{"0":{"start":{"line":3,"column":8},"end":{"line":5,"column":9}},"1":{"start":{"line":4,"column":12},"end":{"line":4,"column":25}},"2":{"start":{"line":6,"column":8},"end":{"line":6,"column":20}},"3":{"start":{"line":1,"column":0},"end":{"line":1,"column":13}}},"fnMap":{"0":{"name":"(anonymous_0)","decl":{"start":{"line":2,"column":11},"end":{"line":2,"column":16}},"loc":{"start":{"line":2,"column":28},"end":{"line":7,"column":5}}}},"branchMap":{"0":{"loc":{"start":{"line":3,"column":8},"end":{"line":5,"column":9}},"type":"if","locations":[{"start":{"line":3,"column":8},"end":{"line":5,"column":9}}]}},"s":{"0":3,"1":0,"2":3,"3":1},"f":{"0":3},"b":{"0":[0]}}
}
