TN:
SF:src\config.ts
FN:3,(anonymous_1)
FNF:1
FNH:0
FNDA:0,(anonymous_1)
DA:1,0
DA:3,0
DA:4,0
DA:5,0
DA:6,0
DA:7,0
DA:10,0
LF:7
LH:0
BRDA:5,0,0,0
BRDA:5,0,1,0
BRF:2
BRH:0
end_of_record
TN:
SF:src\main.ts
FN:6,(anonymous_8)
FN:6,(anonymous_9)
FNF:2
FNH:0
FNDA:0,(anonymous_8)
FNDA:0,(anonymous_9)
DA:2,0
DA:3,0
DA:6,0
DA:7,0
DA:9,0
DA:11,0
DA:13,0
DA:17,0
LF:8
LH:0
BRF:0
BRH:0
end_of_record
TN:
SF:src\server.ts
FN:7,(anonymous_8)
FN:16,(anonymous_9)
FN:21,(anonymous_10)
FN:26,(anonymous_11)
FN:32,(anonymous_13)
FN:36,(anonymous_15)
FNF:6
FNH:0
FNDA:0,(anonymous_8)
FNDA:0,(anonymous_9)
FNDA:0,(anonymous_10)
FNDA:0,(anonymous_11)
FNDA:0,(anonymous_13)
FNDA:0,(anonymous_15)
DA:1,0
DA:2,0
DA:3,0
DA:4,0
DA:6,0
DA:7,0
DA:8,0
DA:17,0
DA:18,0
DA:22,0
DA:23,0
DA:27,0
DA:29,0
DA:33,0
DA:34,0
DA:35,0
DA:36,0
DA:37,0
DA:42,0
LF:19
LH:0
BRF:0
BRH:0
end_of_record
TN:
SF:src\models\slClass.ts
FN:42,(anonymous_8)
FN:82,(anonymous_9)
FN:89,(anonymous_11)
FN:89,(anonymous_12)
FN:114,(anonymous_13)
FN:124,(anonymous_15)
FN:142,(anonymous_17)
FN:174,(anonymous_19)
FN:196,(anonymous_21)
FNF:9
FNH:0
FNDA:0,(anonymous_8)
FNDA:0,(anonymous_9)
FNDA:0,(anonymous_11)
FNDA:0,(anonymous_12)
FNDA:0,(anonymous_13)
FNDA:0,(anonymous_15)
FNDA:0,(anonymous_17)
FNDA:0,(anonymous_19)
FNDA:0,(anonymous_21)
DA:1,0
DA:2,0
DA:3,0
DA:4,0
DA:5,0
DA:31,0
DA:43,0
DA:58,0
DA:59,0
DA:61,0
DA:66,0
DA:72,0
DA:83,0
DA:84,0
DA:85,0
DA:86,0
DA:89,0
DA:91,0
DA:92,0
DA:93,0
DA:95,0
DA:96,0
DA:99,0
DA:100,0
DA:103,0
DA:104,0
DA:106,0
DA:107,0
DA:109,0
DA:110,0
DA:115,0
DA:120,0
DA:121,0
DA:125,0
DA:126,0
DA:128,0
DA:130,0
DA:134,0
DA:136,0
DA:137,0
DA:139,0
DA:143,0
DA:144,0
DA:145,0
DA:147,0
DA:148,0
DA:150,0
DA:153,0
DA:154,0
DA:157,0
DA:159,0
DA:160,0
DA:163,0
DA:164,0
DA:165,0
DA:166,0
DA:168,0
DA:170,0
DA:175,0
DA:177,0
DA:178,0
DA:179,0
DA:181,0
DA:182,0
DA:184,0
DA:187,0
DA:188,0
DA:190,0
DA:191,0
DA:197,0
DA:200,0
DA:201,0
LF:72
LH:0
BRDA:89,0,0,0
BRDA:95,1,0,0
BRDA:96,2,0,0
BRDA:96,2,1,0
BRDA:99,3,0,0
BRDA:109,4,0,0
BRDA:109,4,1,0
BRDA:109,5,0,0
BRDA:109,5,1,0
BRDA:109,6,0,0
BRDA:109,6,1,0
BRDA:109,7,0,0
BRDA:109,7,1,0
BRDA:109,8,0,0
BRDA:109,8,1,0
BRDA:136,9,0,0
BRDA:147,10,0,0
BRDA:147,10,1,0
BRDA:153,11,0,0
BRDA:154,12,0,0
BRDA:154,12,1,0
BRDA:163,13,0,0
BRDA:163,13,1,0
BRDA:163,14,0,0
BRDA:163,14,1,0
BRDA:163,15,0,0
BRDA:163,15,1,0
BRDA:163,16,0,0
BRDA:163,16,1,0
BRDA:163,17,0,0
BRDA:163,17,1,0
BRDA:181,18,0,0
BRDA:181,18,1,0
BRDA:190,19,0,0
BRDA:190,19,1,0
BRDA:190,20,0,0
BRDA:190,20,1,0
BRDA:190,21,0,0
BRDA:190,21,1,0
BRDA:190,22,0,0
BRDA:190,22,1,0
BRDA:190,23,0,0
BRDA:190,23,1,0
BRF:43
BRH:0
end_of_record
TN:
SF:src\practice\password_checker.ts
FN:2,(anonymous_0)
FNF:1
FNH:1
FNDA:1,(anonymous_0)
DA:1,1
DA:3,1
LF:2
LH:2
BRF:0
BRH:0
end_of_record
TN:
SF:src\utils\errorHandler.ts
FN:4,(anonymous_0)
FN:10,(anonymous_1)
FN:14,(anonymous_2)
FNF:3
FNH:3
FNDA:2,(anonymous_0)
FNDA:1,(anonymous_1)
FNDA:3,(anonymous_2)
DA:3,1
DA:4,2
DA:5,2
DA:9,1
DA:10,1
DA:11,1
DA:14,1
DA:15,3
DA:16,3
DA:17,3
DA:19,3
DA:20,1
DA:21,1
DA:23,2
LF:14
LH:14
BRDA:16,0,0,3
BRDA:16,0,1,1
BRDA:17,1,0,3
BRDA:17,1,1,0
BRDA:19,2,0,1
BRDA:19,2,1,2
BRF:6
BRH:5
end_of_record
TN:
SF:src\utils\helperFunctions.ts
FN:1,(anonymous_0)
FN:9,(anonymous_1)
FN:60,validCNPJ
FN:107,(anonymous_3)
FN:112,(anonymous_4)
FN:128,(anonymous_5)
FN:132,(anonymous_6)
FNF:7
FNH:5
FNDA:10,(anonymous_0)
FNDA:7,(anonymous_1)
FNDA:12,validCNPJ
FNDA:6,(anonymous_3)
FNDA:10,(anonymous_4)
FNDA:0,(anonymous_5)
FNDA:0,(anonymous_6)
DA:1,1
DA:2,10
DA:3,10
DA:4,5
DA:6,5
DA:9,1
DA:10,7
DA:13,7
DA:15,7
DA:16,1
DA:18,6
DA:30,0
DA:32,6
DA:33,54
DA:35,6
DA:37,6
DA:38,3
DA:40,6
DA:41,0
DA:43,6
DA:45,6
DA:46,60
DA:48,6
DA:50,6
DA:51,0
DA:53,6
DA:54,3
DA:56,3
DA:60,1
DA:61,12
DA:63,12
DA:66,8
DA:67,8
DA:70,8
DA:73,6
DA:75,3
DA:77,3
DA:79,3
DA:82,3
DA:86,6
DA:89,6
DA:92,5
DA:93,5
DA:96,5
DA:99,5
DA:100,5
DA:103,5
DA:104,5
DA:107,1
DA:108,6
DA:109,6
DA:112,1
DA:113,10
DA:114,10
DA:115,10
DA:117,10
DA:118,125
DA:119,125
DA:120,125
DA:123,10
DA:125,10
DA:128,1
DA:129,0
DA:132,1
DA:133,0
DA:134,0
LF:66
LH:60
BRDA:3,0,0,5
BRDA:3,1,0,10
BRDA:3,1,1,7
BRDA:3,1,2,6
BRDA:15,2,0,1
BRDA:18,3,0,0
BRDA:37,4,0,3
BRDA:37,5,0,6
BRDA:37,5,1,3
BRDA:40,6,0,0
BRDA:50,7,0,0
BRDA:50,8,0,6
BRDA:50,8,1,6
BRDA:53,9,0,3
BRDA:60,10,0,1
BRDA:63,11,0,4
BRDA:67,12,0,8
BRDA:67,12,1,5
BRDA:67,12,2,3
BRDA:70,13,0,2
BRDA:73,14,0,3
BRDA:79,15,0,3
BRDA:79,15,1,1
BRDA:82,16,0,0
BRDA:89,17,0,1
BRDA:93,18,0,0
BRDA:100,19,0,0
BRDA:107,20,0,0
BRDA:109,21,0,5
BRDA:109,21,1,1
BRDA:120,22,0,20
BRDA:125,23,0,2
BRDA:125,23,1,8
BRDA:134,24,0,0
BRDA:134,24,1,0
BRF:35
BRH:26
end_of_record
